app/build/outputs/logs/manifest-merger-debug-report.txt
-- Merging decision tree log ---
manifest
ADDED from src\main\AndroidManifest.xml:22:1-40:12
INJECTED from src\main\AndroidManifest.xml:22:1-40:12
INJECTED from src\main\AndroidManifest.xml:22:1-40:12
INJECTED from src\main\AndroidManifest.xml:22:1-40:12
INJECTED from src\main\AndroidManifest.xml:22:1-40:12
	package
		ADDED from src\main\AndroidManifest.xml:24:5-28
		INJECTED from src\main\AndroidManifest.xml
		INJECTED from src\main\AndroidManifest.xml
	xmlns:tools
		ADDED from src\main\AndroidManifest.xml:23:5-51
	android:versionCode
		INJECTED from src\main\AndroidManifest.xml
		ADDED from src\main\AndroidManifest.xml:22:1-40:12
		INJECTED from src\main\AndroidManifest.xml
	xmlns:android
		ADDED from src\main\AndroidManifest.xml:22:11-69
uses-permission#android.permission.ACCESS_NETWORK_STATE
ADDED from src\main\AndroidManifest.xml:25:1-91
	android:name
		ADDED from src\main\AndroidManifest.xml:25:18-72
uses-permission#android.permission.INTERNET
ADDED from src\main\AndroidManifest.xml:26:1-79
	android:name
		ADDED from src\main\AndroidManifest.xml:26:18-60
uses-permission#android.permission.ACCESS_WIFI_STATE
ADDED from src\main\AndroidManifest.xml:27:1-88
	android:name
		ADDED from src\main\AndroidManifest.xml:27:18-69
uses-permission#android.permission.CHANGE_NETWORK_STATE
ADDED from src\main\AndroidManifest.xml:28:1-91
	android:name
		ADDED from src\main\AndroidManifest.xml:28:18-72
uses-permission#android.permission.CHANGE_WIFI_STATE
ADDED from src\main\AndroidManifest.xml:29:1-88
	android:name
		ADDED from src\main\AndroidManifest.xml:29:18-69
uses-permission#android.permission.WRITE_EXTERNAL_STORAGE
ADDED from src\main\AndroidManifest.xml:30:1-93
	android:name
		ADDED from src\main\AndroidManifest.xml:30:18-74
application
ADDED from src\main\AndroidManifest.xml:31:5-39:19
	android:label
		ADDED from src\main\AndroidManifest.xml:31:18-52
	android:icon
		ADDED from src\main\AndroidManifest.xml:31:53-85
activity#iperf.project.IperfProject
ADDED from src\main\AndroidManifest.xml:32:9-38:20
	android:configChanges
		ADDED from src\main\AndroidManifest.xml:32:61-96
	android:name
		ADDED from src\main\AndroidManifest.xml:32:19-60
intent-filter#action:name:android.intent.action.MAIN+category:name:android.intent.category.LAUNCHER
ADDED from src\main\AndroidManifest.xml:33:13-37:29
action#android.intent.action.MAIN
ADDED from src\main\AndroidManifest.xml:34:17-68
	android:name
		ADDED from src\main\AndroidManifest.xml:34:25-66
category#android.intent.category.LAUNCHER
ADDED from src\main\AndroidManifest.xml:36:17-76
	android:name
		ADDED from src\main\AndroidManifest.xml:36:27-74
uses-sdk
INJECTED from src\main\AndroidManifest.xml reason: use-sdk injection requested
INJECTED from src\main\AndroidManifest.xml
INJECTED from src\main\AndroidManifest.xml
INJECTED from src\main\AndroidManifest.xml
INJECTED from src\main\AndroidManifest.xml
INJECTED from src\main\AndroidManifest.xml
INJECTED from src\main\AndroidManifest.xml
	android:maxSdkVersion
		INJECTED from src\main\AndroidManifest.xml
		ADDED from src\main\AndroidManifest.xml
		INJECTED from src\main\AndroidManifest.xml
	android:targetSdkVersion
		INJECTED from src\main\AndroidManifest.xml
		ADDED from src\main\AndroidManifest.xml
		INJECTED from src\main\AndroidManifest.xml
	android:minSdkVersion
		INJECTED from src\main\AndroidManifest.xml
		ADDED from src\main\AndroidManifest.xml
		INJECTED from src\main\AndroidManifest.xml